2024-10-03 15:51:57.651 +07:00 [DBG] Hosting starting
2024-10-03 15:51:57.886 +07:00 [INF] Now listening on: http://localhost:2810
2024-10-03 15:51:57.902 +07:00 [INF] Now listening on: http://0.0.0.0:2810
2024-10-03 15:51:57.905 +07:00 [DBG] Loaded hosting startup assembly Project01
2024-10-03 15:51:57.909 +07:00 [INF] Application started. Press Ctrl+C to shut down.
2024-10-03 15:51:57.912 +07:00 [INF] Hosting environment: Development
2024-10-03 15:51:57.915 +07:00 [INF] Content root path: C:\Users\iLumniX\Documents\dHanifRamadhan\ProjectAnip\Project01
2024-10-03 15:51:57.918 +07:00 [DBG] Hosting started
2024-10-03 15:52:48.023 +07:00 [INF] Application is shutting down...
2024-10-03 15:52:48.026 +07:00 [DBG] Hosting stopping
2024-10-03 15:52:48.038 +07:00 [DBG] Hosting stopped
2024-10-03 15:52:53.032 +07:00 [DBG] Hosting starting
2024-10-03 15:52:53.230 +07:00 [INF] Now listening on: http://localhost:2810
2024-10-03 15:52:53.234 +07:00 [INF] Now listening on: http://0.0.0.0:2810
2024-10-03 15:52:53.237 +07:00 [DBG] Loaded hosting startup assembly Project01
2024-10-03 15:52:53.240 +07:00 [INF] Application started. Press Ctrl+C to shut down.
2024-10-03 15:52:53.245 +07:00 [INF] Hosting environment: Development
2024-10-03 15:52:53.248 +07:00 [INF] Content root path: C:\Users\iLumniX\Documents\dHanifRamadhan\ProjectAnip\Project01
2024-10-03 15:52:53.253 +07:00 [DBG] Hosting started
2024-10-03 15:53:09.749 +07:00 [INF] Application is shutting down...
2024-10-03 15:53:09.760 +07:00 [DBG] Hosting stopping
2024-10-03 15:53:09.796 +07:00 [DBG] Hosting stopped
2024-10-03 15:53:28.944 +07:00 [DBG] Hosting starting
2024-10-03 15:53:29.135 +07:00 [INF] Now listening on: http://localhost:2810
2024-10-03 15:53:29.143 +07:00 [INF] Now listening on: http://0.0.0.0:2810
2024-10-03 15:53:29.147 +07:00 [DBG] Loaded hosting startup assembly Project01
2024-10-03 15:53:29.156 +07:00 [INF] Application started. Press Ctrl+C to shut down.
2024-10-03 15:53:29.160 +07:00 [INF] Hosting environment: Development
2024-10-03 15:53:29.164 +07:00 [INF] Content root path: C:\Users\iLumniX\Documents\dHanifRamadhan\ProjectAnip\Project01
2024-10-03 15:53:29.175 +07:00 [DBG] Hosting started
2024-10-03 15:53:52.972 +07:00 [INF] Application is shutting down...
2024-10-03 15:53:52.975 +07:00 [DBG] Hosting stopping
2024-10-03 15:53:52.987 +07:00 [DBG] Hosting stopped
2024-10-03 15:53:57.116 +07:00 [DBG] Hosting starting
2024-10-03 15:53:57.268 +07:00 [INF] Now listening on: http://localhost:2810
2024-10-03 15:53:57.272 +07:00 [INF] Now listening on: http://0.0.0.0:2810
2024-10-03 15:53:57.274 +07:00 [DBG] Loaded hosting startup assembly Project01
2024-10-03 15:53:57.278 +07:00 [INF] Application started. Press Ctrl+C to shut down.
2024-10-03 15:53:57.281 +07:00 [INF] Hosting environment: Development
2024-10-03 15:53:57.284 +07:00 [INF] Content root path: C:\Users\iLumniX\Documents\dHanifRamadhan\ProjectAnip\Project01
2024-10-03 15:53:57.287 +07:00 [DBG] Hosting started
2024-10-03 15:55:42.004 +07:00 [INF] Application is shutting down...
2024-10-03 15:55:42.009 +07:00 [DBG] Hosting stopping
2024-10-03 15:55:42.025 +07:00 [DBG] Hosting stopped
2024-10-03 15:55:47.285 +07:00 [DBG] Hosting starting
2024-10-03 15:55:47.447 +07:00 [INF] Now listening on: http://localhost:2810
2024-10-03 15:55:47.450 +07:00 [INF] Now listening on: http://0.0.0.0:2810
2024-10-03 15:55:47.453 +07:00 [DBG] Loaded hosting startup assembly Project01
2024-10-03 15:55:47.456 +07:00 [INF] Application started. Press Ctrl+C to shut down.
2024-10-03 15:55:47.460 +07:00 [INF] Hosting environment: Development
2024-10-03 15:55:47.462 +07:00 [INF] Content root path: C:\Users\iLumniX\Documents\dHanifRamadhan\ProjectAnip\Project01
2024-10-03 15:55:47.465 +07:00 [DBG] Hosting started
2024-10-03 15:56:14.190 +07:00 [INF] Application is shutting down...
2024-10-03 15:56:14.194 +07:00 [DBG] Hosting stopping
2024-10-03 15:56:14.204 +07:00 [DBG] Hosting stopped
2024-10-03 15:56:19.027 +07:00 [DBG] Hosting starting
2024-10-03 15:56:19.241 +07:00 [INF] Now listening on: http://localhost:2810
2024-10-03 15:56:19.247 +07:00 [INF] Now listening on: http://0.0.0.0:2810
2024-10-03 15:56:19.251 +07:00 [DBG] Loaded hosting startup assembly Project01
2024-10-03 15:56:19.256 +07:00 [INF] Application started. Press Ctrl+C to shut down.
2024-10-03 15:56:19.259 +07:00 [INF] Hosting environment: Development
2024-10-03 15:56:19.263 +07:00 [INF] Content root path: C:\Users\iLumniX\Documents\dHanifRamadhan\ProjectAnip\Project01
2024-10-03 15:56:19.266 +07:00 [DBG] Hosting started
2024-10-03 15:56:48.220 +07:00 [INF] Application is shutting down...
2024-10-03 15:56:48.223 +07:00 [DBG] Hosting stopping
2024-10-03 15:56:48.233 +07:00 [DBG] Hosting stopped
2024-10-03 15:56:53.719 +07:00 [DBG] Hosting starting
2024-10-03 15:56:53.953 +07:00 [INF] Now listening on: http://localhost:2810
2024-10-03 15:56:53.959 +07:00 [INF] Now listening on: http://0.0.0.0:2810
2024-10-03 15:56:53.965 +07:00 [DBG] Loaded hosting startup assembly Project01
2024-10-03 15:56:53.969 +07:00 [INF] Application started. Press Ctrl+C to shut down.
2024-10-03 15:56:53.973 +07:00 [INF] Hosting environment: Development
2024-10-03 15:56:53.981 +07:00 [INF] Content root path: C:\Users\iLumniX\Documents\dHanifRamadhan\ProjectAnip\Project01
2024-10-03 15:56:53.984 +07:00 [DBG] Hosting started
2024-10-03 16:01:14.462 +07:00 [INF] Application is shutting down...
2024-10-03 16:01:14.468 +07:00 [DBG] Hosting stopping
2024-10-03 16:01:14.481 +07:00 [DBG] Hosting stopped
2024-10-03 16:12:24.209 +07:00 [DBG] Hosting starting
2024-10-03 16:12:24.376 +07:00 [INF] Now listening on: http://localhost:2810
2024-10-03 16:12:24.381 +07:00 [INF] Now listening on: http://0.0.0.0:2810
2024-10-03 16:12:24.385 +07:00 [DBG] Loaded hosting startup assembly Project01
2024-10-03 16:12:24.389 +07:00 [INF] Application started. Press Ctrl+C to shut down.
2024-10-03 16:12:24.392 +07:00 [INF] Hosting environment: Development
2024-10-03 16:12:24.395 +07:00 [INF] Content root path: C:\Users\iLumniX\Documents\dHanifRamadhan\ProjectAnip\Project01
2024-10-03 16:12:24.400 +07:00 [DBG] Hosting started
2024-10-03 16:12:27.166 +07:00 [DBG] Connection id "0HN73HE0471BI" accepted.
2024-10-03 16:12:27.171 +07:00 [DBG] Connection id "0HN73HE0471BI" started.
2024-10-03 16:12:27.175 +07:00 [DBG] Connection id "0HN73HE0471BJ" accepted.
2024-10-03 16:12:27.180 +07:00 [DBG] Connection id "0HN73HE0471BJ" started.
2024-10-03 16:12:27.697 +07:00 [INF] Request starting HTTP/1.1 GET http://localhost:2810/ - null null
2024-10-03 16:12:27.712 +07:00 [DBG] Wildcard detected, all requests with hosts will be allowed.
2024-10-03 16:12:27.804 +07:00 [DBG] The request path  does not match the path filter
2024-10-03 16:12:27.809 +07:00 [WRN] Failed to determine the https port for redirect.
2024-10-03 16:12:27.820 +07:00 [DBG] Connection id "0HN73HE0471BJ" completed keep alive response.
2024-10-03 16:12:27.828 +07:00 [INF] Request finished HTTP/1.1 GET http://localhost:2810/ - 404 0 null 133.2631ms
2024-10-03 16:12:27.895 +07:00 [INF] Request reached the end of the middleware pipeline without being handled by application code. Request path: GET http://localhost:2810/, Response status code: 404
2024-10-03 16:12:46.973 +07:00 [INF] Request starting HTTP/1.1 GET http://localhost:2810/swagger/index.html - null null
2024-10-03 16:12:47.103 +07:00 [DBG] Connection id "0HN73HE0471BJ" completed keep alive response.
2024-10-03 16:12:47.108 +07:00 [INF] Request finished HTTP/1.1 GET http://localhost:2810/swagger/index.html - 200 null text/html;charset=utf-8 135.3777ms
2024-10-03 16:12:47.130 +07:00 [INF] Request starting HTTP/1.1 GET http://localhost:2810/swagger/swagger-ui.css - null null
2024-10-03 16:12:47.135 +07:00 [DBG] Connection id "0HN73HE0471BK" accepted.
2024-10-03 16:12:47.142 +07:00 [DBG] Connection id "0HN73HE0471BL" accepted.
2024-10-03 16:12:47.148 +07:00 [DBG] Connection id "0HN73HE0471BM" accepted.
2024-10-03 16:12:47.151 +07:00 [INF] Request starting HTTP/1.1 GET http://localhost:2810/swagger/index.css - null null
2024-10-03 16:12:47.157 +07:00 [DBG] Connection id "0HN73HE0471BL" started.
2024-10-03 16:12:47.163 +07:00 [DBG] Connection id "0HN73HE0471BK" started.
2024-10-03 16:12:47.167 +07:00 [DBG] Connection id "0HN73HE0471BM" started.
2024-10-03 16:12:47.172 +07:00 [INF] Request starting HTTP/1.1 GET http://localhost:2810/swagger/swagger-ui-standalone-preset.js - null null
2024-10-03 16:12:47.172 +07:00 [INF] Request starting HTTP/1.1 GET http://localhost:2810/swagger/swagger-ui-bundle.js - null null
2024-10-03 16:12:47.194 +07:00 [INF] Sending file. Request path: '/index.css'. Physical path: 'N/A'
2024-10-03 16:12:47.205 +07:00 [DBG] Connection id "0HN73HE0471BI" completed keep alive response.
2024-10-03 16:12:47.208 +07:00 [INF] Request finished HTTP/1.1 GET http://localhost:2810/swagger/index.css - 200 202 text/css 56.9029ms
2024-10-03 16:12:47.218 +07:00 [INF] Sending file. Request path: '/swagger-ui.css'. Physical path: 'N/A'
2024-10-03 16:12:47.208 +07:00 [INF] Sending file. Request path: '/swagger-ui-bundle.js'. Physical path: 'N/A'
2024-10-03 16:12:47.208 +07:00 [INF] Request starting HTTP/1.1 GET http://localhost:2810/swagger/index.js - null null
2024-10-03 16:12:47.236 +07:00 [INF] Sending file. Request path: '/swagger-ui-standalone-preset.js'. Physical path: 'N/A'
2024-10-03 16:12:47.236 +07:00 [DBG] Connection id "0HN73HE0471BJ" completed keep alive response.
2024-10-03 16:12:47.246 +07:00 [DBG] Connection id "0HN73HE0471BL" completed keep alive response.
2024-10-03 16:12:47.246 +07:00 [DBG] Connection id "0HN73HE0471BK" completed keep alive response.
2024-10-03 16:12:47.250 +07:00 [DBG] Connection id "0HN73HE0471BM" completed keep alive response.
2024-10-03 16:12:47.250 +07:00 [INF] Request finished HTTP/1.1 GET http://localhost:2810/swagger/swagger-ui.css - 200 152034 text/css 116.0112ms
2024-10-03 16:12:47.264 +07:00 [INF] Request finished HTTP/1.1 GET http://localhost:2810/swagger/swagger-ui-bundle.js - 200 1452753 text/javascript 81.322ms
2024-10-03 16:12:47.264 +07:00 [INF] Request finished HTTP/1.1 GET http://localhost:2810/swagger/swagger-ui-standalone-preset.js - 200 230293 text/javascript 78.0593ms
2024-10-03 16:12:47.264 +07:00 [INF] Request finished HTTP/1.1 GET http://localhost:2810/swagger/index.js - 200 null application/javascript;charset=utf-8 48.2704ms
2024-10-03 16:12:47.474 +07:00 [INF] Request starting HTTP/1.1 GET http://localhost:2810/swagger/1.0/swagger.json - null null
2024-10-03 16:12:47.504 +07:00 [INF] Request starting HTTP/1.1 GET http://localhost:2810/swagger/favicon-32x32.png - null null
2024-10-03 16:12:47.516 +07:00 [INF] Sending file. Request path: '/favicon-32x32.png'. Physical path: 'N/A'
2024-10-03 16:12:47.522 +07:00 [DBG] Connection id "0HN73HE0471BK" completed keep alive response.
2024-10-03 16:12:47.528 +07:00 [INF] Request finished HTTP/1.1 GET http://localhost:2810/swagger/favicon-32x32.png - 200 628 image/png 23.7293ms
2024-10-03 16:12:47.536 +07:00 [INF] No action descriptors found. This may indicate an incorrectly configured application or missing application parts. To learn more, visit https://aka.ms/aspnet/mvc/app-parts
2024-10-03 16:12:47.559 +07:00 [DBG] Connection id "0HN73HE0471BM" completed keep alive response.
2024-10-03 16:12:47.564 +07:00 [INF] Request finished HTTP/1.1 GET http://localhost:2810/swagger/1.0/swagger.json - 200 null application/json;charset=utf-8 90.3041ms
2024-10-03 16:14:57.728 +07:00 [DBG] Connection id "0HN73HE0471BI" disconnecting.
2024-10-03 16:14:57.728 +07:00 [DBG] Connection id "0HN73HE0471BJ" disconnecting.
2024-10-03 16:14:57.735 +07:00 [DBG] Connection id "0HN73HE0471BI" stopped.
2024-10-03 16:14:57.739 +07:00 [DBG] Connection id "0HN73HE0471BJ" stopped.
2024-10-03 16:14:57.742 +07:00 [DBG] Connection id "0HN73HE0471BJ" sending FIN because: "The Socket transport's send loop completed gracefully."
2024-10-03 16:14:57.742 +07:00 [DBG] Connection id "0HN73HE0471BI" sending FIN because: "The Socket transport's send loop completed gracefully."
2024-10-03 16:14:58.727 +07:00 [DBG] Connection id "0HN73HE0471BK" disconnecting.
2024-10-03 16:14:58.727 +07:00 [DBG] Connection id "0HN73HE0471BL" disconnecting.
2024-10-03 16:14:58.743 +07:00 [DBG] Connection id "0HN73HE0471BL" stopped.
2024-10-03 16:14:58.743 +07:00 [DBG] Connection id "0HN73HE0471BK" stopped.
2024-10-03 16:14:58.743 +07:00 [DBG] Connection id "0HN73HE0471BM" disconnecting.
2024-10-03 16:14:58.763 +07:00 [DBG] Connection id "0HN73HE0471BM" stopped.
2024-10-03 16:14:58.763 +07:00 [DBG] Connection id "0HN73HE0471BL" sending FIN because: "The Socket transport's send loop completed gracefully."
2024-10-03 16:14:58.763 +07:00 [DBG] Connection id "0HN73HE0471BK" sending FIN because: "The Socket transport's send loop completed gracefully."
2024-10-03 16:14:58.788 +07:00 [DBG] Connection id "0HN73HE0471BM" sending FIN because: "The Socket transport's send loop completed gracefully."
2024-10-03 19:07:16.575 +07:00 [DBG] Connection id "0HN73HE0471BN" accepted.
2024-10-03 19:07:16.593 +07:00 [DBG] Connection id "0HN73HE0471BN" started.
2024-10-03 19:07:16.596 +07:00 [DBG] Connection id "0HN73HE0471BO" accepted.
2024-10-03 19:07:16.606 +07:00 [DBG] Connection id "0HN73HE0471BO" started.
2024-10-03 19:07:16.628 +07:00 [INF] Request starting HTTP/1.1 GET http://localhost:2810/swagger/index.js - null null
2024-10-03 19:07:16.666 +07:00 [DBG] Connection id "0HN73HE0471BO" completed keep alive response.
2024-10-03 19:07:16.674 +07:00 [INF] Request finished HTTP/1.1 GET http://localhost:2810/swagger/index.js - 200 null application/javascript;charset=utf-8 47.0709ms
2024-10-03 19:07:16.874 +07:00 [INF] Request starting HTTP/1.1 GET http://localhost:2810/swagger/1.0/swagger.json - null null
2024-10-03 19:07:16.894 +07:00 [DBG] Connection id "0HN73HE0471BO" completed keep alive response.
2024-10-03 19:07:16.905 +07:00 [INF] Request finished HTTP/1.1 GET http://localhost:2810/swagger/1.0/swagger.json - 200 null application/json;charset=utf-8 31.2214ms
2024-10-03 19:08:17.006 +07:00 [DBG] Connection id "0HN73HE0471BN" received FIN.
2024-10-03 19:08:17.010 +07:00 [DBG] Connection id "0HN73HE0471BN" disconnecting.
2024-10-03 19:08:17.014 +07:00 [DBG] Connection id "0HN73HE0471BN" sending FIN because: "The Socket transport's send loop completed gracefully."
2024-10-03 19:08:17.020 +07:00 [DBG] Connection id "0HN73HE0471BN" stopped.
2024-10-03 19:09:27.779 +07:00 [DBG] Connection id "0HN73HE0471BO" disconnecting.
2024-10-03 19:09:28.141 +07:00 [DBG] Connection id "0HN73HE0471BO" stopped.
2024-10-03 19:09:28.360 +07:00 [DBG] Connection id "0HN73HE0471BO" sending FIN because: "The Socket transport's send loop completed gracefully."
